CRITICAL - 2023-04-26 03:15:43 --> Class "App\Models\ProvinsiModel" not found
#0 C:\xampp\htdocs\test\system\CodeIgniter.php(832): App\Controllers\Dropdown->index()
#1 C:\xampp\htdocs\test\system\CodeIgniter.php(419): CodeIgniter\CodeIgniter->runController(Object(App\Controllers\Dropdown))
#2 C:\xampp\htdocs\test\system\CodeIgniter.php(326): CodeIgniter\CodeIgniter->handleRequest(NULL, Object(Config\Cache), false)
#3 C:\xampp\htdocs\test\public\index.php(37): CodeIgniter\CodeIgniter->run()
#4 {main}
CRITICAL - 2023-04-26 03:17:16 --> Class "App\Models\ProvinsiModel" not found
#0 C:\xampp\htdocs\test\system\CodeIgniter.php(832): App\Controllers\Dropdown->index()
#1 C:\xampp\htdocs\test\system\CodeIgniter.php(419): CodeIgniter\CodeIgniter->runController(Object(App\Controllers\Dropdown))
#2 C:\xampp\htdocs\test\system\CodeIgniter.php(326): CodeIgniter\CodeIgniter->handleRequest(NULL, Object(Config\Cache), false)
#3 C:\xampp\htdocs\test\public\index.php(37): CodeIgniter\CodeIgniter->run()
#4 {main}
ERROR - 2023-04-26 05:47:51 --> Error connecting to the database: No connection could be made because the target machine actively refused it
CRITICAL - 2023-04-26 05:47:51 --> Unable to connect to the database.
Main connection [MySQLi]: No connection could be made because the target machine actively refused it
#0 C:\xampp\htdocs\test\system\Database\BaseConnection.php(577): CodeIgniter\Database\BaseConnection->initialize()
#1 C:\xampp\htdocs\test\system\Database\BaseBuilder.php(1455): CodeIgniter\Database\BaseConnection->query('SELECT *\nFROM `...', Array, false)
#2 C:\xampp\htdocs\test\system\Model.php(183): CodeIgniter\Database\BaseBuilder->get()
#3 C:\xampp\htdocs\test\system\BaseModel.php(584): CodeIgniter\Model->doFindAll(0, 0)
#4 C:\xampp\htdocs\test\app\Controllers\Dropdown.php(19): CodeIgniter\BaseModel->findAll()
#5 C:\xampp\htdocs\test\system\CodeIgniter.php(832): App\Controllers\Dropdown->index()
#6 C:\xampp\htdocs\test\system\CodeIgniter.php(419): CodeIgniter\CodeIgniter->runController(Object(App\Controllers\Dropdown))
#7 C:\xampp\htdocs\test\system\CodeIgniter.php(326): CodeIgniter\CodeIgniter->handleRequest(NULL, Object(Config\Cache), false)
#8 C:\xampp\htdocs\test\public\index.php(37): CodeIgniter\CodeIgniter->run()
#9 {main}
